<?xml version="1.0" encoding="UTF-8"?>
<!-- Generated by org.testng.reporters.JUnitReportReporter -->
<testsuite skipped="0" hostname="zhouruideMacBook-Pro-2.local" name="cases81.UserInfoCase" tests="2" failures="0" timestamp="31 一月 2021 15:18:32 GMT" time="0.183" errors="0">
  <testcase name="test" time="0.092" classname="cases81.UserInfoCase"/>
  <testcase name="test" time="0.091" classname="cases81.UserInfoCase"/>
</testsuite> <!-- cases81.UserInfoCase -->
