<?xml version="1.0" encoding="UTF-8"?>
<!-- Generated by org.testng.reporters.JUnitReportReporter -->
<testsuite skipped="0" hostname="zhouruideMacBook-Pro-2.local" name="cases81.AddCase" tests="1" failures="0" timestamp="31 一月 2021 15:18:32 GMT" time="0.106" errors="0">
  <testcase name="test" time="0.106" classname="cases81.AddCase"/>
</testsuite> <!-- cases81.AddCase -->
